
Showing logs for build [32mcb-kubecd-bdd-gh-1568394164-pr-1[0m stage [32mmeta-pipeline[0m and container [32mstep-credential-initializer-jhrvf[0m
{"level":"warn","ts":1568394632.612829,"logger":"fallback-logger","caller":"logging/config.go:69","msg":"Fetch GitHub commit ID from kodata failed: \"ref: refs/heads/master\" is not a valid GitHub commit ID"}
{"level":"info","ts":1568394632.6132507,"logger":"fallback-logger","caller":"creds-init/main.go:40","msg":"Credentials initialized."}

Showing logs for build [32mcb-kubecd-bdd-gh-1568394164-pr-1[0m stage [32mmeta-pipeline[0m and container [32mstep-working-dir-initializer-z5tlb[0m
{"level":"warn","ts":1568394634.37466,"logger":"fallback-logger","caller":"logging/config.go:69","msg":"Fetch GitHub commit ID from kodata failed: open /var/run/ko/HEAD: no such file or directory"}
{"level":"info","ts":1568394634.428865,"logger":"fallback-logger","caller":"bash/main.go:65","msg":"Successfully executed command \"mkdir -p /workspace/source\""}

Showing logs for build [32mcb-kubecd-bdd-gh-1568394164-pr-1[0m stage [32mmeta-pipeline[0m and container [32mstep-place-tools[0m

Showing logs for build [32mcb-kubecd-bdd-gh-1568394164-pr-1[0m stage [32mmeta-pipeline[0m and container [32mstep-git-source-meta-cb-kubecd-bdd-gh-156839416-xjkfh[0m
{"level":"warn","ts":1568394638.82934,"logger":"fallback-logger","caller":"logging/config.go:69","msg":"Fetch GitHub commit ID from kodata failed: \"ref: refs/heads/master\" is not a valid GitHub commit ID"}
{"level":"info","ts":1568394639.914707,"logger":"fallback-logger","caller":"git/git.go:102","msg":"Successfully cloned https://github.com/cb-kubecd/bdd-gh-1568394164.git @ 1c7c930c1a8dc58a3f371e5916d7fb0cebb63627 in path /workspace/source"}

Showing logs for build [32mcb-kubecd-bdd-gh-1568394164-pr-1[0m stage [32mmeta-pipeline[0m and container [32mstep-git-merge[0m
Using SHAs from PULL_REFS=master:1c7c930c1a8dc58a3f371e5916d7fb0cebb63627,1:cdffa37eb88b5cc4e69be4527d45bb5e4688177c
DEBUG: ran git fetch --unshallow origin cdffa37eb88b5cc4e69be4527d45bb5e4688177c: 1c7c930c1a8dc58a3f371e5916d7fb0cebb63627: in 
DEBUG: ran git checkout master in 
DEBUG: ran git reset --hard 1c7c930c1a8dc58a3f371e5916d7fb0cebb63627 in 
DEBUG: ran clean --force -d . in 
DEBUG: ran git merge cdffa37eb88b5cc4e69be4527d45bb5e4688177c in 
Merged SHA cdffa37eb88b5cc4e69be4527d45bb5e4688177c with commit message 'My first PR commit' into base branch master

Showing logs for build [32mcb-kubecd-bdd-gh-1568394164-pr-1[0m stage [32mmeta-pipeline[0m and container [32mstep-merge-pull-refs[0m
DEBUG: ran git fetch origin cdffa37eb88b5cc4e69be4527d45bb5e4688177c: 1c7c930c1a8dc58a3f371e5916d7fb0cebb63627: in 
DEBUG: Unshallowed git repo in 
DEBUG: ran git checkout master in 
DEBUG: ran git reset --hard 1c7c930c1a8dc58a3f371e5916d7fb0cebb63627 in 
DEBUG: ran clean --force -d . in 
DEBUG: ran git merge cdffa37eb88b5cc4e69be4527d45bb5e4688177c in 
Merged SHA cdffa37eb88b5cc4e69be4527d45bb5e4688177c with commit message 'My first PR commit' into base branch master

Showing logs for build [32mcb-kubecd-bdd-gh-1568394164-pr-1[0m stage [32mmeta-pipeline[0m and container [32mstep-create-effective-pipeline[0m
Deleting and cloning the Jenkins X versions repo
Cloning the Jenkins X versions repo https://github.com/jenkins-x/jenkins-x-versions.git with ref refs/heads/master to /builder/home/.**/jenkins-x-versions
Effective pipeline written to jenkins-x-serverless-jenkins-effective.yml

Showing logs for build [32mcb-kubecd-bdd-gh-1568394164-pr-1[0m stage [32mmeta-pipeline[0m and container [32mstep-create-tekton-crds[0m
PipelineActivity for cb-kubecd-bdd-gh-1568394164-PR-1-1
Applying changes 
upserted PipelineResource cb-kubecd-bdd-gh-1568394164-pr for the git repository https://github.com/cb-kubecd/bdd-gh-1568394164.git
upserted Task cb-kubecd-bdd-gh-1568394164-pr-from-build-pack-1
upserted Pipeline cb-kubecd-bdd-gh-1568394164-pr-1
created PipelineRun cb-kubecd-bdd-gh-1568394164-pr-1
created PipelineStructure cb-kubecd-bdd-gh-1568394164-pr-1

Showing logs for build [32mcb-kubecd-bdd-gh-1568394164-pr-1[0m stage [32mfrom-build-pack[0m and container [32mstep-credential-initializer-chwps[0m
{"level":"warn","ts":1568394650.8339784,"logger":"fallback-logger","caller":"logging/config.go:69","msg":"Fetch GitHub commit ID from kodata failed: \"ref: refs/heads/master\" is not a valid GitHub commit ID"}
{"level":"info","ts":1568394650.8347323,"logger":"fallback-logger","caller":"creds-init/main.go:40","msg":"Credentials initialized."}

Showing logs for build [32mcb-kubecd-bdd-gh-1568394164-pr-1[0m stage [32mfrom-build-pack[0m and container [32mstep-working-dir-initializer-z2998[0m
{"level":"warn","ts":1568394651.777383,"logger":"fallback-logger","caller":"logging/config.go:69","msg":"Fetch GitHub commit ID from kodata failed: open /var/run/ko/HEAD: no such file or directory"}
{"level":"info","ts":1568394651.7786446,"logger":"fallback-logger","caller":"bash/main.go:65","msg":"Successfully executed command \"mkdir -p /workspace/source /workspace/source/charts/preview\""}

Showing logs for build [32mcb-kubecd-bdd-gh-1568394164-pr-1[0m stage [32mfrom-build-pack[0m and container [32mstep-place-tools[0m

Showing logs for build [32mcb-kubecd-bdd-gh-1568394164-pr-1[0m stage [32mfrom-build-pack[0m and container [32mstep-git-source-cb-kubecd-bdd-gh-1568394164-pr-c7cj6[0m
{"level":"warn","ts":1568394715.944204,"logger":"fallback-logger","caller":"logging/config.go:69","msg":"Fetch GitHub commit ID from kodata failed: \"ref: refs/heads/master\" is not a valid GitHub commit ID"}
{"level":"info","ts":1568394717.071499,"logger":"fallback-logger","caller":"git/git.go:102","msg":"Successfully cloned https://github.com/cb-kubecd/bdd-gh-1568394164.git @ master in path /workspace/source"}

Showing logs for build [32mcb-kubecd-bdd-gh-1568394164-pr-1[0m stage [32mfrom-build-pack[0m and container [32mstep-git-merge[0m
Using SHAs from PULL_REFS=master:1c7c930c1a8dc58a3f371e5916d7fb0cebb63627,1:cdffa37eb88b5cc4e69be4527d45bb5e4688177c
DEBUG: ran git fetch --unshallow origin cdffa37eb88b5cc4e69be4527d45bb5e4688177c: 1c7c930c1a8dc58a3f371e5916d7fb0cebb63627: in 
DEBUG: ran git checkout master in 
DEBUG: ran git reset --hard 1c7c930c1a8dc58a3f371e5916d7fb0cebb63627 in 
DEBUG: ran clean --force -d . in 
DEBUG: ran git merge cdffa37eb88b5cc4e69be4527d45bb5e4688177c in 
Merged SHA cdffa37eb88b5cc4e69be4527d45bb5e4688177c with commit message 'My first PR commit' into base branch master

Showing logs for build [32mcb-kubecd-bdd-gh-1568394164-pr-1[0m stage [32mfrom-build-pack[0m and container [32mstep-build-make-linux[0m
CGO_ENABLED=0 GOOS=linux GOARCH=amd64 GO15VENDOREXPERIMENT=1 go build -ldflags '' -o bin/bdd-gh-1568394164 main.go

Showing logs for build [32mcb-kubecd-bdd-gh-1568394164-pr-1[0m stage [32mfrom-build-pack[0m and container [32mstep-build-container-build[0m
[36mINFO[0m[0000] No base image, nothing to extract            
[36mINFO[0m[0000] cmd: EXPOSE                                  
[36mINFO[0m[0000] Adding exposed port: 8080/tcp                
[36mINFO[0m[0000] Using files from context: [/workspace/source/bin] 
[36mINFO[0m[0000] Skipping unpacking as no commands require it. 
[36mINFO[0m[0000] Taking snapshot of full filesystem...        
[36mINFO[0m[0000] EXPOSE 8080                                  
[36mINFO[0m[0000] cmd: EXPOSE                                  
[36mINFO[0m[0000] Adding exposed port: 8080/tcp                
[36mINFO[0m[0000] No files changed in this command, skipping snapshotting. 
[36mINFO[0m[0000] ENTRYPOINT ["/bdd-gh-1568394164"]            
[36mINFO[0m[0000] No files changed in this command, skipping snapshotting. 
[36mINFO[0m[0000] Using files from context: [/workspace/source/bin] 
[36mINFO[0m[0000] COPY ./bin/ /                                
[36mINFO[0m[0000] Taking snapshot of files...                  
2019/09/13 17:12:11 pushed blob: sha256:3514e9a61d795cf1a68b15a72e4223708b4a9e0230d833732924b009befaf0aa
2019/09/13 17:12:12 pushed blob: sha256:ed0a4dc4b969a771c9fc7310d202de8ca257f348a7efb62ba7315daa1af60242
2019/09/13 17:12:14 gcr.io/jenkins-x-bdd3/bdd-gh-1568394164:0.0.0-SNAPSHOT-PR-1-1: digest: sha256:cb8e667a27cb0d3e4048ed10770670bb5830f3b7bde2c47907eb60125bff9143 size: 428

Showing logs for build [32mcb-kubecd-bdd-gh-1568394164-pr-1[0m stage [32mfrom-build-pack[0m and container [32mstep-postbuild-post-build[0m
no CVE provider running in the current ** namespace so skip adding image to be analysed

Showing logs for build [32mcb-kubecd-bdd-gh-1568394164-pr-1[0m stage [32mfrom-build-pack[0m and container [32mstep-promote-make-preview[0m
sed -i -e "s/version:.*/version: 0.0.0-SNAPSHOT-PR-1-1/" Chart.yaml
sed -i -e "s/version:.*/version: 0.0.0-SNAPSHOT-PR-1-1/" ../*/Chart.yaml
sed -i -e "s|repository:.*|repository: gcr.io\/jenkins-x-bdd3\/bdd-gh-1568394164|" values.yaml
sed -i -e "s/tag:.*/tag: 0.0.0-SNAPSHOT-PR-1-1/" values.yaml
echo "  version: 0.0.0-SNAPSHOT-PR-1-1" >> requirements.yaml
** step helm build
WARNING: No $CHART_REPOSITORY defined so using the default value of: http://jenkins-x-chartmuseum:8080
Adding missing Helm repo: storage.googleapis.com https://storage.googleapis.com/chartmuseum.jenkins-x.io
Successfully added Helm repository storage.googleapis.com.
Adding missing Helm repo: jenkins-x-chartmuseum http://jenkins-x-chartmuseum:8080
Successfully added Helm repository jenkins-x-chartmuseum.
WARNING: No $CHART_REPOSITORY defined so using the default value of: http://jenkins-x-chartmuseum:8080
Adding missing Helm repo: chartmuseum.jenkins-x.io http://chartmuseum.jenkins-x.io
Successfully added Helm repository chartmuseum.jenkins-x.io.

Showing logs for build [32mcb-kubecd-bdd-gh-1568394164-pr-1[0m stage [32mfrom-build-pack[0m and container [32mstep-promote-jx-preview[0m
Creating a preview
WARNING: No author for commit: cdffa37eb88b5cc4e69be4527d45bb5e4688177c
Created environment cb-kubecd-bdd-gh-1568394164-pr-1
Namespace **-cb-kubecd-bdd-gh-1568394164-pr-1 created 
expose:
  Annotations:
    helm.sh/hook: post-install,post-upgrade
    helm.sh/hook-delete-policy: hook-succeeded
  config:
    domain: 35.240.9.11.nip.io
    exposer: Ingress
    http: "true"
preview:
  image:
    repository: gcr.io/jenkins-x-bdd3/bdd-gh-1568394164
    tag: 0.0.0-SNAPSHOT-PR-1-1
Deleting and cloning the Jenkins X versions repo
Cloning the Jenkins X versions repo https://github.com/jenkins-x/jenkins-x-versions.git with ref refs/heads/master to /builder/home/.**/jenkins-x-versions


Updating PipelineActivities cb-kubecd-bdd-gh-1568394164-pr-1-1 which has status Running
Preview application is now available at: http://bdd-gh-1568394164.**-cb-kubecd-bdd-gh-1568394164-pr-1.35.240.9.11.nip.io
